This is pdfTeX, Version 3.141592653-2.6-1.40.24 (TeX Live 2022) (preloaded format=pdflatex 2022.10.14)  16 NOV 2022 09:21
entering extended mode
 restricted \write18 enabled.
 %&-line parsing enabled.
**rmcn.tex
(./rmcn.tex
LaTeX2e <2022-06-01> patch level 5
L3 programming layer <2022-09-28> (./IEEEtran.cls
Document Class: IEEEtran 2015/08/26 V1.8b by Michael Shell
-- See the "IEEEtran_HOWTO" manual for usage information.
-- http://www.michaelshell.org/tex/ieeetran/
\@IEEEtrantmpdimenA=\dimen138
\@IEEEtrantmpdimenB=\dimen139
\@IEEEtrantmpdimenC=\dimen140
\@IEEEtrantmpcountA=\count185
\@IEEEtrantmpcountB=\count186
\@IEEEtrantmpcountC=\count187
\@IEEEtrantmptoksA=\toks16
LaTeX Font Info:    Trying to load font information for OT1+ptm on input line 5
03.
(/home/skynet/.local/share/texlive/texmf-dist/tex/latex/psnfss/ot1ptm.fd
File: ot1ptm.fd 2001/06/04 font definitions for OT1/ptm.
)
-- Using 8.5in x 11in (letter) paper.
-- Using PDF output.
\@IEEEnormalsizeunitybaselineskip=\dimen141
-- This is a 10 point document.
\CLASSINFOnormalsizebaselineskip=\dimen142
\CLASSINFOnormalsizeunitybaselineskip=\dimen143
\IEEEnormaljot=\dimen144
LaTeX Font Info:    Font shape `OT1/ptm/bx/n' in size <5> not available
(Font)              Font shape `OT1/ptm/b/n' tried instead on input line 1090.
LaTeX Font Info:    Font shape `OT1/ptm/bx/it' in size <5> not available
(Font)              Font shape `OT1/ptm/b/it' tried instead on input line 1090.

LaTeX Font Info:    Font shape `OT1/ptm/bx/n' in size <7> not available
(Font)              Font shape `OT1/ptm/b/n' tried instead on input line 1090.
LaTeX Font Info:    Font shape `OT1/ptm/bx/it' in size <7> not available
(Font)              Font shape `OT1/ptm/b/it' tried instead on input line 1090.

LaTeX Font Info:    Font shape `OT1/ptm/bx/n' in size <8> not available
(Font)              Font shape `OT1/ptm/b/n' tried instead on input line 1090.
LaTeX Font Info:    Font shape `OT1/ptm/bx/it' in size <8> not available
(Font)              Font shape `OT1/ptm/b/it' tried instead on input line 1090.

LaTeX Font Info:    Font shape `OT1/ptm/bx/n' in size <9> not available
(Font)              Font shape `OT1/ptm/b/n' tried instead on input line 1090.
LaTeX Font Info:    Font shape `OT1/ptm/bx/it' in size <9> not available
(Font)              Font shape `OT1/ptm/b/it' tried instead on input line 1090.

LaTeX Font Info:    Font shape `OT1/ptm/bx/n' in size <10> not available
(Font)              Font shape `OT1/ptm/b/n' tried instead on input line 1090.
LaTeX Font Info:    Font shape `OT1/ptm/bx/it' in size <10> not available
(Font)              Font shape `OT1/ptm/b/it' tried instead on input line 1090.

LaTeX Font Info:    Font shape `OT1/ptm/bx/n' in size <11> not available
(Font)              Font shape `OT1/ptm/b/n' tried instead on input line 1090.
LaTeX Font Info:    Font shape `OT1/ptm/bx/it' in size <11> not available
(Font)              Font shape `OT1/ptm/b/it' tried instead on input line 1090.

LaTeX Font Info:    Font shape `OT1/ptm/bx/n' in size <12> not available
(Font)              Font shape `OT1/ptm/b/n' tried instead on input line 1090.
LaTeX Font Info:    Font shape `OT1/ptm/bx/it' in size <12> not available
(Font)              Font shape `OT1/ptm/b/it' tried instead on input line 1090.

LaTeX Font Info:    Font shape `OT1/ptm/bx/n' in size <17> not available
(Font)              Font shape `OT1/ptm/b/n' tried instead on input line 1090.
LaTeX Font Info:    Font shape `OT1/ptm/bx/it' in size <17> not available
(Font)              Font shape `OT1/ptm/b/it' tried instead on input line 1090.

LaTeX Font Info:    Font shape `OT1/ptm/bx/n' in size <20> not available
(Font)              Font shape `OT1/ptm/b/n' tried instead on input line 1090.
LaTeX Font Info:    Font shape `OT1/ptm/bx/it' in size <20> not available
(Font)              Font shape `OT1/ptm/b/it' tried instead on input line 1090.

LaTeX Font Info:    Font shape `OT1/ptm/bx/n' in size <24> not available
(Font)              Font shape `OT1/ptm/b/n' tried instead on input line 1090.
LaTeX Font Info:    Font shape `OT1/ptm/bx/it' in size <24> not available
(Font)              Font shape `OT1/ptm/b/it' tried instead on input line 1090.

\IEEEquantizedlength=\dimen145
\IEEEquantizedlengthdiff=\dimen146
\IEEEquantizedtextheightdiff=\dimen147
\IEEEilabelindentA=\dimen148
\IEEEilabelindentB=\dimen149
\IEEEilabelindent=\dimen150
\IEEEelabelindent=\dimen151
\IEEEdlabelindent=\dimen152
\IEEElabelindent=\dimen153
\IEEEiednormlabelsep=\dimen154
\IEEEiedmathlabelsep=\dimen155
\IEEEiedtopsep=\skip47
\c@section=\count188
\c@subsection=\count189
\c@subsubsection=\count190
\c@paragraph=\count191
\c@IEEEsubequation=\count192
\abovecaptionskip=\skip48
\belowcaptionskip=\skip49
\c@figure=\count193
\c@table=\count194
\@IEEEeqnnumcols=\count195
\@IEEEeqncolcnt=\count196
\@IEEEsubeqnnumrollback=\count197
\@IEEEquantizeheightA=\dimen156
\@IEEEquantizeheightB=\dimen157
\@IEEEquantizeheightC=\dimen158
\@IEEEquantizeprevdepth=\dimen159
\@IEEEquantizemultiple=\count198
\@IEEEquantizeboxA=\box51
\@IEEEtmpitemindent=\dimen160
\IEEEPARstartletwidth=\dimen161
\c@IEEEbiography=\count199
\@IEEEtranrubishbin=\box52
)
** ATTENTION: Overriding command lockouts (line 2).
(/home/skynet/.local/share/texlive/texmf-dist/tex/latex/cite/cite.sty
LaTeX Info: Redefining \cite on input line 302.
LaTeX Info: Redefining \nocite on input line 332.
Package: cite 2015/02/27  v 5.5
)
(/home/skynet/.local/share/texlive/texmf-dist/tex/latex/amsmath/amsmath.sty
Package: amsmath 2022/04/08 v2.17n AMS math features
\@mathmargin=\skip50

For additional information on amsmath, use the `?' option.
(/home/skynet/.local/share/texlive/texmf-dist/tex/latex/amsmath/amstext.sty
Package: amstext 2021/08/26 v2.01 AMS text

(/home/skynet/.local/share/texlive/texmf-dist/tex/latex/amsmath/amsgen.sty
File: amsgen.sty 1999/11/30 v2.0 generic functions
\@emptytoks=\toks17
\ex@=\dimen162
))
(/home/skynet/.local/share/texlive/texmf-dist/tex/latex/amsmath/amsbsy.sty
Package: amsbsy 1999/11/29 v1.2d Bold Symbols
\pmbraise@=\dimen163
)
(/home/skynet/.local/share/texlive/texmf-dist/tex/latex/amsmath/amsopn.sty
Package: amsopn 2022/04/08 v2.04 operator names
)
\inf@bad=\count266
LaTeX Info: Redefining \frac on input line 234.
\uproot@=\count267
\leftroot@=\count268
LaTeX Info: Redefining \overline on input line 399.
LaTeX Info: Redefining \colon on input line 410.
\classnum@=\count269
\DOTSCASE@=\count270
LaTeX Info: Redefining \ldots on input line 496.
LaTeX Info: Redefining \dots on input line 499.
LaTeX Info: Redefining \cdots on input line 620.
\Mathstrutbox@=\box53
\strutbox@=\box54
LaTeX Info: Redefining \big on input line 722.
LaTeX Info: Redefining \Big on input line 723.
LaTeX Info: Redefining \bigg on input line 724.
LaTeX Info: Redefining \Bigg on input line 725.
\big@size=\dimen164
LaTeX Font Info:    Redeclaring font encoding OML on input line 743.
LaTeX Font Info:    Redeclaring font encoding OMS on input line 744.
\macc@depth=\count271
LaTeX Info: Redefining \bmod on input line 905.
LaTeX Info: Redefining \pmod on input line 910.
LaTeX Info: Redefining \smash on input line 940.
LaTeX Info: Redefining \relbar on input line 970.
LaTeX Info: Redefining \Relbar on input line 971.
\c@MaxMatrixCols=\count272
\dotsspace@=\muskip16
\c@parentequation=\count273
\dspbrk@lvl=\count274
\tag@help=\toks18
\row@=\count275
\column@=\count276
\maxfields@=\count277
\andhelp@=\toks19
\eqnshift@=\dimen165
\alignsep@=\dimen166
\tagshift@=\dimen167
\tagwidth@=\dimen168
\totwidth@=\dimen169
\lineht@=\dimen170
\@envbody=\toks20
\multlinegap=\skip51
\multlinetaggap=\skip52
\mathdisplay@stack=\toks21
LaTeX Info: Redefining \[ on input line 2953.
LaTeX Info: Redefining \] on input line 2954.
)
(/home/skynet/.local/share/texlive/texmf-dist/tex/latex/amsfonts/amssymb.sty
Package: amssymb 2013/01/14 v3.01 AMS font symbols

(/home/skynet/.local/share/texlive/texmf-dist/tex/latex/amsfonts/amsfonts.sty
Package: amsfonts 2013/01/14 v3.01 Basic AMSFonts support
\symAMSa=\mathgroup4
\symAMSb=\mathgroup5
LaTeX Font Info:    Redeclaring math symbol \hbar on input line 98.
LaTeX Font Info:    Overwriting math alphabet `\mathfrak' in version `bold'
(Font)                  U/euf/m/n --> U/euf/b/n on input line 106.
))
(/home/skynet/.local/share/texlive/texmf-dist/tex/latex/algorithms/algorithmic.
sty
Package: algorithmic 2009/08/24 v0.1 Document Style `algorithmic'
 (/home/skynet/.local/share/texlive/texmf-dist/tex/latex/base/ifthen.sty
Package: ifthen 2022/04/13 v1.1d Standard LaTeX ifthen package (DPC)
)
(/home/skynet/.local/share/texlive/texmf-dist/tex/latex/graphics/keyval.sty
Package: keyval 2022/05/29 v1.15 key=value parser (DPC)
\KV@toks@=\toks22
)
\c@ALC@unique=\count278
\c@ALC@line=\count279
\c@ALC@rem=\count280
\c@ALC@depth=\count281
\ALC@tlm=\skip53
\algorithmicindent=\skip54
)
(/home/skynet/.local/share/texlive/texmf-dist/tex/latex/graphics/graphicx.sty
Package: graphicx 2021/09/16 v1.2d Enhanced LaTeX Graphics (DPC,SPQR)

(/home/skynet/.local/share/texlive/texmf-dist/tex/latex/graphics/graphics.sty
Package: graphics 2022/03/10 v1.4e Standard LaTeX Graphics (DPC,SPQR)

(/home/skynet/.local/share/texlive/texmf-dist/tex/latex/graphics/trig.sty
Package: trig 2021/08/11 v1.11 sin cos tan (DPC)
)
(/home/skynet/.local/share/texlive/texmf-dist/tex/latex/graphics-cfg/graphics.c
fg
File: graphics.cfg 2016/06/04 v1.11 sample graphics configuration
)
Package graphics Info: Driver file: pdftex.def on input line 107.

(/home/skynet/.local/share/texlive/texmf-dist/tex/latex/graphics-def/pdftex.def
File: pdftex.def 2022/09/22 v1.2b Graphics/color driver for pdftex
\stockwidth=\dimen171
\stockheight=\dimen172
))
\Gin@req@height=\dimen173
\Gin@req@width=\dimen174
) (/home/skynet/.local/share/texlive/texmf-dist/tex/latex/base/textcomp.sty
Package: textcomp 2020/02/02 v2.0n Standard LaTeX package
)
(/home/skynet/.local/share/texlive/texmf-dist/tex/latex/xcolor/xcolor.sty
Package: xcolor 2022/06/12 v2.14 LaTeX color extensions (UK)

(/home/skynet/.local/share/texlive/texmf-dist/tex/latex/graphics-cfg/color.cfg
File: color.cfg 2016/01/02 v1.6 sample color configuration
)
Package xcolor Info: Driver file: pdftex.def on input line 227.
(/home/skynet/.local/share/texlive/texmf-dist/tex/latex/graphics/mathcolor.ltx)
Package xcolor Info: Model `cmy' substituted by `cmy0' on input line 1353.
Package xcolor Info: Model `hsb' substituted by `rgb' on input line 1357.
Package xcolor Info: Model `RGB' extended on input line 1369.
Package xcolor Info: Model `HTML' substituted by `rgb' on input line 1371.
Package xcolor Info: Model `Hsb' substituted by `hsb' on input line 1372.
Package xcolor Info: Model `tHsb' substituted by `hsb' on input line 1373.
Package xcolor Info: Model `HSB' substituted by `hsb' on input line 1374.
Package xcolor Info: Model `Gray' substituted by `gray' on input line 1375.
Package xcolor Info: Model `wave' substituted by `hsb' on input line 1376.
) (/home/skynet/.local/share/texlive/texmf-dist/tex/latex/caption/caption.sty
Package: caption 2022/03/01 v3.6b Customizing captions (AR)

(/home/skynet/.local/share/texlive/texmf-dist/tex/latex/caption/caption3.sty
Package: caption3 2022/03/17 v2.3b caption3 kernel (AR)
\caption@tempdima=\dimen175
\captionmargin=\dimen176
\caption@leftmargin=\dimen177
\caption@rightmargin=\dimen178
\caption@width=\dimen179
\caption@indent=\dimen180
\caption@parindent=\dimen181
\caption@hangindent=\dimen182
Package caption Info: Unknown document class (or package),
(caption)             standard defaults will be used.
Package caption Info: \@makecaption = \long macro:#1#2->\ifx \@captype \@IEEEta
blestring \footnotesize \bgroup \par \centering \@IEEEtabletopskipstrut {\norma
lfont \footnotesize #1}\\{\normalfont \footnotesize \scshape #2}\par \addvspace
 {0.5\baselineskip }\egroup \@IEEEtablecaptionsepspace \else \@IEEEfigurecaptio
nsepspace \setbox \@tempboxa \hbox {\normalfont \footnotesize {#1.}\nobreakspac
e \nobreakspace #2}\ifdim \wd \@tempboxa >\hsize \setbox \@tempboxa \hbox {\nor
malfont \footnotesize {#1.}\nobreakspace \nobreakspace }\parbox [t]{\hsize }{\n
ormalfont \footnotesize \noindent \unhbox \@tempboxa #2}\else \ifCLASSOPTIONcon
ference \hbox to\hsize {\normalfont \footnotesize \hfil \box \@tempboxa \hfil }
\else \hbox to\hsize {\normalfont \footnotesize \box \@tempboxa \hfil }\fi \fi 
\fi  on input line 1176.
)

Package caption Warning: Unknown document class (or package),
(caption)                standard defaults will be used.
See the caption package documentation for explanation.

\c@caption@flags=\count282
\c@continuedfloat=\count283
)
(/home/skynet/.local/share/texlive/texmf-dist/tex/latex/subfigure/subfigure.sty
Package: subfigure 2002/03/15 v2.1.5 subfigure package
\subfigtopskip=\skip55
\subfigcapskip=\skip56
\subfigcaptopadj=\dimen183
\subfigbottomskip=\skip57
\subfigcapmargin=\dimen184
\subfiglabelskip=\skip58
\c@subfigure=\count284
\c@lofdepth=\count285
\c@subtable=\count286
\c@lotdepth=\count287
****************************************
* Local config file subfigure.cfg used *
****************************************

(/home/skynet/.local/share/texlive/texmf-dist/tex/latex/subfigure/subfigure.cfg
)
\subfig@top=\skip59
\subfig@bottom=\skip60
) (/home/skynet/.local/share/texlive/texmf-dist/tex/latex/tools/multicol.sty
Package: multicol 2021/11/30 v1.9d multicolumn formatting (FMi)
\c@tracingmulticols=\count288
\mult@box=\box55
\multicol@leftmargin=\dimen185
\c@unbalance=\count289
\c@collectmore=\count290
\doublecol@number=\count291
\multicoltolerance=\count292
\multicolpretolerance=\count293
\full@width=\dimen186
\page@free=\dimen187
\premulticols=\dimen188
\postmulticols=\dimen189
\multicolsep=\skip61
\multicolbaselineskip=\skip62
\partial@page=\box56
\last@line=\box57
\maxbalancingoverflow=\dimen190
\mult@rightbox=\box58
\mult@grightbox=\box59
\mult@firstbox=\box60
\mult@gfirstbox=\box61
\@tempa=\box62
\@tempa=\box63
\@tempa=\box64
\@tempa=\box65
\@tempa=\box66
\@tempa=\box67
\@tempa=\box68
\@tempa=\box69
\@tempa=\box70
\@tempa=\box71
\@tempa=\box72
\@tempa=\box73
\@tempa=\box74
\@tempa=\box75
\@tempa=\box76
\@tempa=\box77
\@tempa=\box78
\@tempa=\box79
\@tempa=\box80
\@tempa=\box81
\@tempa=\box82
\@tempa=\box83
\@tempa=\box84
\@tempa=\box85
\@tempa=\box86
\@tempa=\box87
\@tempa=\box88
\@tempa=\box89
\@tempa=\box90
\@tempa=\box91
\@tempa=\box92
\@tempa=\box93
\@tempa=\box94
\@tempa=\box95
\@tempa=\box96
\@tempa=\box97
\c@minrows=\count294
\c@columnbadness=\count295
\c@finalcolumnbadness=\count296
\last@try=\dimen191
\multicolovershoot=\dimen192
\multicolundershoot=\dimen193
\mult@nat@firstbox=\box98
\colbreak@box=\box99
\mc@col@check@num=\count297
)
(/home/skynet/.local/share/texlive/texmf-dist/tex/latex/multirow/multirow.sty
Package: multirow 2021/03/15 v2.8 Span multiple rows of a table
\multirow@colwidth=\skip63
\multirow@cntb=\count298
\multirow@dima=\skip64
\bigstrutjot=\dimen194
)
(/home/skynet/.local/share/texlive/texmf-dist/tex/latex/float/float.sty
Package: float 2001/11/08 v1.3d Float enhancements (AL)
\c@float@type=\count299
\float@exts=\toks23
\float@box=\box100
\@float@everytoks=\toks24
\@floatcapt=\box101
)
(/home/skynet/.local/share/texlive/texmf-dist/tex/latex/l3backend/l3backend-pdf
tex.def
File: l3backend-pdftex.def 2022-09-28 L3 backend support: PDF output (pdfTeX)
\l__color_backend_stack_int=\count300
\l__pdf_internal_box=\box102
)
No file rmcn.aux.
\openout1 = `rmcn.aux'.

LaTeX Font Info:    Checking defaults for OML/cmm/m/it on input line 19.
LaTeX Font Info:    ... okay on input line 19.
LaTeX Font Info:    Checking defaults for OMS/cmsy/m/n on input line 19.
LaTeX Font Info:    ... okay on input line 19.
LaTeX Font Info:    Checking defaults for OT1/cmr/m/n on input line 19.
LaTeX Font Info:    ... okay on input line 19.
LaTeX Font Info:    Checking defaults for T1/cmr/m/n on input line 19.
LaTeX Font Info:    ... okay on input line 19.
LaTeX Font Info:    Checking defaults for TS1/cmr/m/n on input line 19.
LaTeX Font Info:    ... okay on input line 19.
LaTeX Font Info:    Checking defaults for OMX/cmex/m/n on input line 19.
LaTeX Font Info:    ... okay on input line 19.
LaTeX Font Info:    Checking defaults for U/cmr/m/n on input line 19.
LaTeX Font Info:    ... okay on input line 19.
-- Lines per column: 56 (exact).

(/home/skynet/.local/share/texlive/texmf-dist/tex/context/base/mkii/supp-pdf.mk
ii
[Loading MPS to PDF converter (version 2006.09.02).]
\scratchcounter=\count301
\scratchdimen=\dimen195
\scratchbox=\box103
\nofMPsegments=\count302
\nofMParguments=\count303
\everyMPshowfont=\toks25
\MPscratchCnt=\count304
\MPscratchDim=\dimen196
\MPnumerator=\count305
\makeMPintoPDFobject=\count306
\everyMPtoPDFconversion=\toks26
)
(/home/skynet/.local/share/texlive/texmf-dist/tex/latex/epstopdf-pkg/epstopdf-b
ase.sty
Package: epstopdf-base 2020-01-24 v2.11 Base part for package epstopdf
Package epstopdf-base Info: Redefining graphics rule for `.eps' on input line 4
85.

(/home/skynet/.local/share/texlive/texmf-dist/tex/latex/latexconfig/epstopdf-sy
s.cfg
File: epstopdf-sys.cfg 2010/07/13 v1.3 Configuration of (r)epstopdf for TeX Liv
e
))
Package caption Info: Begin \AtBeginDocument code.
Package caption Info: float package is loaded.
Package caption Info: subfigure package is loaded.
Package caption Info: End \AtBeginDocument code.
LaTeX Font Info:    Trying to load font information for U+msa on input line 52.


(/home/skynet/.local/share/texlive/texmf-dist/tex/latex/amsfonts/umsa.fd
File: umsa.fd 2013/01/14 v3.01 AMS symbols A
)
LaTeX Font Info:    Trying to load font information for U+msb on input line 52.


(/home/skynet/.local/share/texlive/texmf-dist/tex/latex/amsfonts/umsb.fd
File: umsb.fd 2013/01/14 v3.01 AMS symbols B
)
(./1-intro.tex

LaTeX Warning: Citation `cheng2019rwf' on page 1 undefined on input line 13.

<new_images/sample-3.pdf, id=1, 434.62375pt x 122.4575pt>
File: new_images/sample-3.pdf Graphic file (type pdf)
<use new_images/sample-3.pdf>
Package pdftex.def Info: new_images/sample-3.pdf  used on input line 24.
(pdftex.def)             Requested size: 206.39685pt x 58.15482pt.
<new_images/sample-2.pdf, id=2, 434.62375pt x 121.45375pt>
File: new_images/sample-2.pdf Graphic file (type pdf)
<use new_images/sample-2.pdf>
Package pdftex.def Info: new_images/sample-2.pdf  used on input line 30.
(pdftex.def)             Requested size: 206.39685pt x 57.67815pt.
<new_images/sample-1.pdf, id=3, 436.63126pt x 122.4575pt>
File: new_images/sample-1.pdf Graphic file (type pdf)
<use new_images/sample-1.pdf>
Package pdftex.def Info: new_images/sample-1.pdf  used on input line 36.
(pdftex.def)             Requested size: 206.39685pt x 57.88576pt.

LaTeX Warning: Citation `hassner2012violent_6' on page 1 undefined on input lin
e 41.


LaTeX Warning: Citation `de2010violence_7' on page 1 undefined on input line 41
.


LaTeX Warning: Citation `wang2013action_9' on page 1 undefined on input line 41
.


LaTeX Warning: Reference `fig:sample_dataset' on page 1 undefined on input line
 42.


LaTeX Warning: Citation `tan2019efficientnet' on page 1 undefined on input line
 43.


LaTeX Warning: Citation `lin2017fpn' on page 1 undefined on input line 43.


LaTeX Warning: Citation `eco14zolfaghari2018' on page 1 undefined on input line
 44.


LaTeX Warning: Citation `3dres101_hara2018can' on page 1 undefined on input lin
e 44.


Underfull \vbox (badness 1360) has occurred while \output is active []

 [1{/home/skynet/.local/share/texlive/texmf-var/fonts/map/pdftex/updmap/pdftex.
map}


 <./new_images/sample-3.pdf> <./new_images/sample-2.pdf> <./new_images/sample-1
.pdf>]
<new_images/pipeline.pdf, id=46, 1098.1025pt x 411.5375pt>
File: new_images/pipeline.pdf Graphic file (type pdf)
<use new_images/pipeline.pdf>
Package pdftex.def Info: new_images/pipeline.pdf  used on input line 68.
(pdftex.def)             Requested size: 464.39685pt x 174.03769pt.


LaTeX Warning: Reference `fig:pipeline' on page 2 undefined on input line 74.


LaTeX Warning: Citation `cheng2019rwf' on page 2 undefined on input line 79.


LaTeX Warning: Citation `hockey_nievas2011violence' on page 2 undefined on inpu
t line 79.


LaTeX Warning: Citation `movie_nievas2011violence' on page 2 undefined on input
 line 79.

) (./2-related_work.tex

LaTeX Warning: Citation `chen2008recognition' on page 2 undefined on input line
 6.


LaTeX Warning: Citation `wang2013action_9' on page 2 undefined on input line 6.



LaTeX Warning: Citation `xu2014violent_22' on page 2 undefined on input line 6.



LaTeX Warning: Citation `de2010violence_7' on page 2 undefined on input line 6.



LaTeX Warning: Citation `hassner2012violent_6' on page 2 undefined on input lin
e 8.


LaTeX Warning: Citation `gao2016violence_23' on page 2 undefined on input line 
9.


LaTeX Warning: Citation `wang2013action_9' on page 2 undefined on input line 10
.


LaTeX Warning: Citation `bilinski2016human_24' on page 2 undefined on input lin
e 11.


LaTeX Warning: Citation `lecun1995convolutional' on page 2 undefined on input l
ine 15.


LaTeX Warning: Citation `ji_3dconv' on page 2 undefined on input line 15.


LaTeX Warning: Citation `10.1162/neco.1997.9.8.1735' on page 2 undefined on inp
ut line 15.


LaTeX Warning: Citation `11convlstm_donahue2015long' on page 2 undefined on inp
ut line 15.


LaTeX Warning: Citation `c3dtran2015learning' on page 2 undefined on input line
 15.


LaTeX Warning: Citation `i3dcarreira2017quo' on page 2 undefined on input line 
15.


LaTeX Warning: Citation `26_zhou2017violent' on page 2 undefined on input line 
16.


LaTeX Warning: Citation `29_sudhakaran2017learning' on page 2 undefined on inpu
t line 16.


LaTeX Warning: Citation `28_dong2016multi' on page 2 undefined on input line 18
.


LaTeX Warning: Citation `30_shi2015convolutional' on page 2 undefined on input 
line 20.


LaTeX Warning: Citation `29_sudhakaran2017learning' on page 2 undefined on inpu
t line 20.


LaTeX Warning: Citation `26_zhou2017violent' on page 2 undefined on input line 
22.


LaTeX Warning: Citation `cheng2019rwf' on page 2 undefined on input line 22.

) (./3-methodology.tex
<new_images/mdcn_block.pdf, id=47, 609.27625pt x 744.7825pt>
File: new_images/mdcn_block.pdf Graphic file (type pdf)
<use new_images/mdcn_block.pdf>
Package pdftex.def Info: new_images/mdcn_block.pdf  used on input line 6.
(pdftex.def)             Requested size: 226.79846pt x 277.23578pt.


LaTeX Warning: Reference `fig:pipeline' on page 2 undefined on input line 12.


LaTeX Warning: Reference `fig:mdcn_block' on page 2 undefined on input line 30.


[2]

LaTeX Warning: Citation `huang2017densely' on page 3 undefined on input line 53
.

<new_images/vio_fullnet_pdf.pdf, id=54, 581.17125pt x 406.51875pt>
File: new_images/vio_fullnet_pdf.pdf Graphic file (type pdf)
<use new_images/vio_fullnet_pdf.pdf>
Package pdftex.def Info: new_images/vio_fullnet_pdf.pdf  used on input line 66.

(pdftex.def)             Requested size: 226.79846pt x 158.64091pt.
(./tables/network_table.tex

LaTeX Warning: No positions in optional float specifier.
               Default added (so using `tbp') on input line 3.

)

LaTeX Warning: Reference `fig:full_network' on page 3 undefined on input line 7
4.


LaTeX Warning: Reference `tab:network_table' on page 3 undefined on input line 
82.

[3 <./new_images/pipeline.pdf> <./new_images/mdcn_block.pdf> <./new_images/vio_
fullnet_pdf.pdf>]) (./4-experiment.tex

LaTeX Warning: Citation `cheng2019rwf' on page 4 undefined on input line 5.


LaTeX Warning: Citation `hockey_nievas2011violence' on page 4 undefined on inpu
t line 5.


LaTeX Warning: Citation `movie_nievas2011violence' on page 4 undefined on input
 line 5.


Underfull \vbox (badness 1635) has occurred while \output is active []



LaTeX Warning: No positions in optional float specifier.
               Default added (so using `tbp') on input line 9.

<new_images/features.pdf, id=190, 947.54pt x 578.16pt>
File: new_images/features.pdf Graphic file (type pdf)
<use new_images/features.pdf>
Package pdftex.def Info: new_images/features.pdf  used on input line 11.
(pdftex.def)             Requested size: 464.39685pt x 283.36263pt.

LaTeX Warning: Citation `cheng2019rwf' on page 4 undefined on input line 19.


LaTeX Warning: Citation `pytorchpaszke2019' on page 4 undefined on input line 2
0.


LaTeX Warning: Citation `nesterovbotev2017' on page 4 undefined on input line 2
0.

) (./5-result.tex [4] (./tables/rwf_result.tex

LaTeX Warning: Citation `r21dtran2018closer' on page 5 undefined on input line 
7.


LaTeX Warning: Citation `c3dtran2015learning' on page 5 undefined on input line
 8.


LaTeX Warning: Citation `29_sudhakaran2017learning' on page 5 undefined on inpu
t line 9.


LaTeX Warning: Citation `i3dcarreira2017quo' on page 5 undefined on input line 
10.


LaTeX Warning: Citation `i3dcarreira2017quo' on page 5 undefined on input line 
11.


LaTeX Warning: Citation `i3dcarreira2017quo' on page 5 undefined on input line 
12.


LaTeX Warning: Citation `cheng2019rwf' on page 5 undefined on input line 13.


LaTeX Warning: Citation `cheng2019rwf' on page 5 undefined on input line 14.


LaTeX Warning: Citation `cheng2019rwf' on page 5 undefined on input line 15.

) (./tables/hockey_table.tex

LaTeX Warning: Citation `hassner2012violent_6' on page 5 undefined on input lin
e 9.


LaTeX Warning: Citation `lhog_zhou2018violence' on page 5 undefined on input li
ne 10.


LaTeX Warning: Citation `hog_nievas2011violence' on page 5 undefined on input l
ine 11.


LaTeX Warning: Citation `hog_nievas2011violence' on page 5 undefined on input l
ine 12.


LaTeX Warning: Citation `mowd_zhang2017mowld' on page 5 undefined on input line
 13.


LaTeX Warning: Citation `hog_nievas2011violence' on page 5 undefined on input l
ine 14.


LaTeX Warning: Citation `26_zhou2017violent' on page 5 undefined on input line 
16.


LaTeX Warning: Citation `3dconvnet_song2019novel' on page 5 undefined on input 
line 17.


LaTeX Warning: Citation `29_sudhakaran2017learning' on page 5 undefined on inpu
t line 18.


LaTeX Warning: Citation `c3dtran2015learning' on page 5 undefined on input line
 19.


LaTeX Warning: Citation `i3dcarreira2017quo' on page 5 undefined on input line 
20.


LaTeX Warning: Citation `i3dcarreira2017quo' on page 5 undefined on input line 
21.


LaTeX Warning: Citation `cheng2019rwf' on page 5 undefined on input line 23.

)

LaTeX Warning: Reference `tab:abl_skip' on page 5 undefined on input line 69.


LaTeX Warning: Reference `tab:abl_stream' on page 5 undefined on input line 73.



LaTeX Warning: Reference `tab:abl_frame' on page 5 undefined on input line 75.

<new_images/accuracy.pdf, id=198, 687.56876pt x 425.59pt>
File: new_images/accuracy.pdf Graphic file (type pdf)
<use new_images/accuracy.pdf>
Package pdftex.def Info: new_images/accuracy.pdf  used on input line 91.
(pdftex.def)             Requested size: 226.79846pt x 140.38019pt.
<new_images/loss.pdf, id=199, 687.56876pt x 425.59pt>
File: new_images/loss.pdf Graphic file (type pdf)
<use new_images/loss.pdf>
Package pdftex.def Info: new_images/loss.pdf  used on input line 97.
(pdftex.def)             Requested size: 226.79846pt x 140.38019pt.

LaTeX Warning: Reference `fig:features_vis' on page 5 undefined on input line 1
04.

[5 <./new_images/features.pdf>]

LaTeX Warning: Reference `tab:hockey_movie' on page 6 undefined on input line 1
13.


LaTeX Warning: Reference `tab:rwf-2000' on page 6 undefined on input line 117.


LaTeX Warning: Citation `zhang2018shufflenet' on page 6 undefined on input line
 119.


LaTeX Warning: Reference `tab:rwf-2000' on page 6 undefined on input line 123.


LaTeX Warning: Reference `fig:mdcn_train_vs_val' on page 6 undefined on input l
ine 128.


LaTeX Warning: Reference `fig:accuracy' on page 6 undefined on input line 129.


LaTeX Warning: Reference `fig:loss' on page 6 undefined on input line 129.

[6 <./new_images/accuracy.pdf> <./new_images/loss.pdf

pdfTeX warning: pdflatex (file ./new_images/loss.pdf): PDF inclusion: multiple 
pdfs with page group included in a single page
>] (./tables/nano_table.tex

LaTeX Warning: Citation `r21dtran2018closer' on page 7 undefined on input line 
8.


LaTeX Warning: Citation `c3dtran2015learning' on page 7 undefined on input line
 9.


LaTeX Warning: Citation `i3dcarreira2017quo' on page 7 undefined on input line 
10.


LaTeX Warning: Citation `cheng2019rwf' on page 7 undefined on input line 11.

)

LaTeX Warning: Reference `tab:mdcn_fps' on page 7 undefined on input line 140.

) (./rmcn.bbl [7])

** Conference Paper **
Before submitting the final camera ready copy, remember to:

 1. Manually equalize the lengths of two columns on the last page
 of your paper;

 2. Ensure that any PostScript and/or PDF output post-processing
 uses only Type 1 fonts and that every step in the generation
 process uses the appropriate paper size.

[8

] (./rmcn.aux)

LaTeX Warning: There were undefined references.


LaTeX Warning: Label(s) may have changed. Rerun to get cross-references right.

 ) 
Here is how much of TeX's memory you used:
 6158 strings out of 475071
 104210 string characters out of 5773925
 475412 words of memory out of 5000000
 27461 multiletter control sequences out of 15000+600000
 508320 words of font info for 105 fonts, out of 8000000 for 9000
 1141 hyphenation exceptions out of 8191
 55i,12n,63p,667b,336s stack positions out of 10000i,1000n,20000p,200000b,200000s
{/home/skynet/.local/share/texlive/texmf-dist/fonts/enc/dvips/base/8r.enc}</h
ome/skynet/.local/share/texlive/texmf-dist/fonts/type1/public/amsfonts/cm/cmmi1
0.pfb></home/skynet/.local/share/texlive/texmf-dist/fonts/type1/public/amsfonts
/cm/cmmi7.pfb></home/skynet/.local/share/texlive/texmf-dist/fonts/type1/public/
amsfonts/cm/cmr10.pfb></home/skynet/.local/share/texlive/texmf-dist/fonts/type1
/public/amsfonts/cm/cmr6.pfb></home/skynet/.local/share/texlive/texmf-dist/font
s/type1/public/amsfonts/cm/cmr7.pfb></home/skynet/.local/share/texlive/texmf-di
st/fonts/type1/public/amsfonts/cm/cmr8.pfb></home/skynet/.local/share/texlive/t
exmf-dist/fonts/type1/public/amsfonts/cm/cmr9.pfb></home/skynet/.local/share/te
xlive/texmf-dist/fonts/type1/public/amsfonts/cm/cmsy10.pfb></home/skynet/.local
/share/texlive/texmf-dist/fonts/type1/public/amsfonts/cm/cmsy7.pfb></home/skyne
t/.local/share/texlive/texmf-dist/fonts/type1/public/amsfonts/cm/cmsy8.pfb></ho
me/skynet/.local/share/texlive/texmf-dist/fonts/type1/urw/times/utmb8a.pfb></ho
me/skynet/.local/share/texlive/texmf-dist/fonts/type1/urw/times/utmbi8a.pfb></h
ome/skynet/.local/share/texlive/texmf-dist/fonts/type1/urw/times/utmr8a.pfb></h
ome/skynet/.local/share/texlive/texmf-dist/fonts/type1/urw/times/utmri8a.pfb>
Output written on rmcn.pdf (8 pages, 2352735 bytes).
PDF statistics:
 341 PDF objects out of 1000 (max. 8388607)
 206 compressed objects within 3 object streams
 0 named destinations out of 1000 (max. 500000)
 46 words of extra memory for PDF output out of 10000 (max. 10000000)

